<?xml version="1.0" encoding="UTF-8"?>
<testsuite xmlns:xsi="http://www.w3.org/2001/XMLSchema-instance" xsi:noNamespaceSchemaLocation="https://maven.apache.org/surefire/maven-surefire-plugin/xsd/surefire-test-report-3.0.xsd" version="3.0" name="TestSuite" time="27.616" tests="4" errors="0" skipped="0" failures="0">
  <properties>
    <property name="java.specification.version" value="16"/>
    <property name="webdriver.chrome.driver" value="C:\Users\lalit\eclipse-workspace\UIAPISelenium\src\main\java\TestAutomation\resources\chromedriver.exe"/>
    <property name="sun.cpu.isalist" value="amd64"/>
    <property name="sun.jnu.encoding" value="Cp1252"/>
    <property name="java.class.path" value="C:\Users\lalit\eclipse-workspace\UIAPIFramework_BDD\target\test-classes;C:\Users\lalit\eclipse-workspace\UIAPIFramework_BDD\target\classes;C:\Users\lalit\.m2\repository\org\apache\logging\log4j\log4j-api\2.17.1\log4j-api-2.17.1.jar;C:\Users\lalit\.m2\repository\org\apache\logging\log4j\log4j-core\2.17.1\log4j-core-2.17.1.jar;C:\Users\lalit\.m2\repository\org\seleniumhq\selenium\selenium-java\3.141.0\selenium-java-3.141.0.jar;C:\Users\lalit\.m2\repository\org\seleniumhq\selenium\selenium-api\3.141.0\selenium-api-3.141.0.jar;C:\Users\lalit\.m2\repository\org\seleniumhq\selenium\selenium-chrome-driver\3.141.0\selenium-chrome-driver-3.141.0.jar;C:\Users\lalit\.m2\repository\org\seleniumhq\selenium\selenium-edge-driver\3.141.0\selenium-edge-driver-3.141.0.jar;C:\Users\lalit\.m2\repository\org\seleniumhq\selenium\selenium-firefox-driver\3.141.0\selenium-firefox-driver-3.141.0.jar;C:\Users\lalit\.m2\repository\org\seleniumhq\selenium\selenium-ie-driver\3.141.0\selenium-ie-driver-3.141.0.jar;C:\Users\lalit\.m2\repository\org\seleniumhq\selenium\selenium-opera-driver\3.141.0\selenium-opera-driver-3.141.0.jar;C:\Users\lalit\.m2\repository\org\seleniumhq\selenium\selenium-remote-driver\3.141.0\selenium-remote-driver-3.141.0.jar;C:\Users\lalit\.m2\repository\org\seleniumhq\selenium\selenium-safari-driver\3.141.0\selenium-safari-driver-3.141.0.jar;C:\Users\lalit\.m2\repository\org\seleniumhq\selenium\selenium-support\3.141.0\selenium-support-3.141.0.jar;C:\Users\lalit\.m2\repository\net\bytebuddy\byte-buddy\1.8.15\byte-buddy-1.8.15.jar;C:\Users\lalit\.m2\repository\org\apache\commons\commons-exec\1.3\commons-exec-1.3.jar;C:\Users\lalit\.m2\repository\com\google\guava\guava\25.0-jre\guava-25.0-jre.jar;C:\Users\lalit\.m2\repository\org\checkerframework\checker-compat-qual\2.0.0\checker-compat-qual-2.0.0.jar;C:\Users\lalit\.m2\repository\com\google\errorprone\error_prone_annotations\2.1.3\error_prone_annotations-2.1.3.jar;C:\Users\lalit\.m2\repository\com\google\j2objc\j2objc-annotations\1.1\j2objc-annotations-1.1.jar;C:\Users\lalit\.m2\repository\org\codehaus\mojo\animal-sniffer-annotations\1.14\animal-sniffer-annotations-1.14.jar;C:\Users\lalit\.m2\repository\com\squareup\okhttp3\okhttp\3.11.0\okhttp-3.11.0.jar;C:\Users\lalit\.m2\repository\com\squareup\okio\okio\1.14.0\okio-1.14.0.jar;C:\Users\lalit\.m2\repository\org\testng\testng\7.5\testng-7.5.jar;C:\Users\lalit\.m2\repository\com\google\code\findbugs\jsr305\3.0.1\jsr305-3.0.1.jar;C:\Users\lalit\.m2\repository\org\slf4j\slf4j-api\1.7.32\slf4j-api-1.7.32.jar;C:\Users\lalit\.m2\repository\com\beust\jcommander\1.78\jcommander-1.78.jar;C:\Users\lalit\.m2\repository\org\webjars\jquery\3.5.1\jquery-3.5.1.jar;C:\Users\lalit\.m2\repository\commons-io\commons-io\2.11.0\commons-io-2.11.0.jar;C:\Users\lalit\.m2\repository\tech\grasshopper\extentreports-cucumber7-adapter\1.1.0\extentreports-cucumber7-adapter-1.1.0.jar;C:\Users\lalit\.m2\repository\tech\grasshopper\extent-pdf-report\1.7.4\extent-pdf-report-1.7.4.jar;C:\Users\lalit\.m2\repository\tech\grasshopper\cucumber-pdf-report\2.2.4\cucumber-pdf-report-2.2.4.jar;C:\Users\lalit\.m2\repository\org\apache\pdfbox\pdfbox\2.0.22\pdfbox-2.0.22.jar;C:\Users\lalit\.m2\repository\org\apache\pdfbox\fontbox\2.0.22\fontbox-2.0.22.jar;C:\Users\lalit\.m2\repository\org\knowm\xchart\xchart\3.8.0\xchart-3.8.0.jar;C:\Users\lalit\.m2\repository\de\erichseifert\vectorgraphics2d\VectorGraphics2D\0.13\VectorGraphics2D-0.13.jar;C:\Users\lalit\.m2\repository\de\rototor\pdfbox\graphics2d\0.30\graphics2d-0.30.jar;C:\Users\lalit\.m2\repository\com\madgag\animated-gif-lib\1.4\animated-gif-lib-1.4.jar;C:\Users\lalit\.m2\repository\org\yaml\snakeyaml\1.28\snakeyaml-1.28.jar;C:\Users\lalit\.m2\repository\tech\grasshopper\table-layout\1.2.0\table-layout-1.2.0.jar;C:\Users\lalit\.m2\repository\org\jsoup\jsoup\1.13.1\jsoup-1.13.1.jar;C:\Users\lalit\.m2\repository\com\aventstack\klov-reporter\5.0.8\klov-reporter-5.0.8.jar;C:\Users\lalit\.m2\repository\org\mongodb\mongodb-driver\3.6.4\mongodb-driver-3.6.4.jar;C:\Users\lalit\.m2\repository\org\mongodb\mongodb-driver-core\3.6.4\mongodb-driver-core-3.6.4.jar;C:\Users\lalit\.m2\repository\org\mongodb\bson\3.6.4\bson-3.6.4.jar;C:\Users\lalit\.m2\repository\com\aventstack\extentreports\5.0.9\extentreports-5.0.9.jar;C:\Users\lalit\.m2\repository\io\reactivex\rxjava3\rxjava\3.0.4\rxjava-3.0.4.jar;C:\Users\lalit\.m2\repository\org\reactivestreams\reactive-streams\1.0.3\reactive-streams-1.0.3.jar;C:\Users\lalit\.m2\repository\org\freemarker\freemarker\2.3.30\freemarker-2.3.30.jar;C:\Users\lalit\.m2\repository\org\projectlombok\lombok\1.18.12\lombok-1.18.12.jar;C:\Users\lalit\.m2\repository\com\google\code\gson\gson\2.8.6\gson-2.8.6.jar;C:\Users\lalit\.m2\repository\org\apache\poi\poi\5.2.0\poi-5.2.0.jar;C:\Users\lalit\.m2\repository\commons-codec\commons-codec\1.15\commons-codec-1.15.jar;C:\Users\lalit\.m2\repository\org\apache\commons\commons-collections4\4.4\commons-collections4-4.4.jar;C:\Users\lalit\.m2\repository\org\apache\commons\commons-math3\3.6.1\commons-math3-3.6.1.jar;C:\Users\lalit\.m2\repository\com\zaxxer\SparseBitSet\1.2\SparseBitSet-1.2.jar;C:\Users\lalit\.m2\repository\org\apache\poi\poi-ooxml\5.2.0\poi-ooxml-5.2.0.jar;C:\Users\lalit\.m2\repository\org\apache\poi\poi-ooxml-lite\5.2.0\poi-ooxml-lite-5.2.0.jar;C:\Users\lalit\.m2\repository\org\apache\xmlbeans\xmlbeans\5.0.3\xmlbeans-5.0.3.jar;C:\Users\lalit\.m2\repository\org\apache\commons\commons-compress\1.21\commons-compress-1.21.jar;C:\Users\lalit\.m2\repository\com\github\virtuald\curvesapi\1.06\curvesapi-1.06.jar;C:\Users\lalit\.m2\repository\io\rest-assured\rest-assured\4.5.1\rest-assured-4.5.1.jar;C:\Users\lalit\.m2\repository\org\codehaus\groovy\groovy\3.0.9\groovy-3.0.9.jar;C:\Users\lalit\.m2\repository\org\codehaus\groovy\groovy-xml\3.0.9\groovy-xml-3.0.9.jar;C:\Users\lalit\.m2\repository\org\apache\httpcomponents\httpclient\4.5.13\httpclient-4.5.13.jar;C:\Users\lalit\.m2\repository\org\apache\httpcomponents\httpcore\4.4.13\httpcore-4.4.13.jar;C:\Users\lalit\.m2\repository\commons-logging\commons-logging\1.2\commons-logging-1.2.jar;C:\Users\lalit\.m2\repository\org\apache\httpcomponents\httpmime\4.5.13\httpmime-4.5.13.jar;C:\Users\lalit\.m2\repository\org\hamcrest\hamcrest\2.1\hamcrest-2.1.jar;C:\Users\lalit\.m2\repository\org\ccil\cowan\tagsoup\tagsoup\1.2.1\tagsoup-1.2.1.jar;C:\Users\lalit\.m2\repository\io\rest-assured\json-path\4.5.1\json-path-4.5.1.jar;C:\Users\lalit\.m2\repository\org\codehaus\groovy\groovy-json\3.0.9\groovy-json-3.0.9.jar;C:\Users\lalit\.m2\repository\io\rest-assured\rest-assured-common\4.5.1\rest-assured-common-4.5.1.jar;C:\Users\lalit\.m2\repository\io\rest-assured\xml-path\4.5.1\xml-path-4.5.1.jar;C:\Users\lalit\.m2\repository\org\apache\commons\commons-lang3\3.11\commons-lang3-3.11.jar;C:\Users\lalit\.m2\repository\io\cucumber\cucumber-testng\7.2.3\cucumber-testng-7.2.3.jar;C:\Users\lalit\.m2\repository\org\apiguardian\apiguardian-api\1.1.2\apiguardian-api-1.1.2.jar;C:\Users\lalit\.m2\repository\io\cucumber\cucumber-core\7.2.3\cucumber-core-7.2.3.jar;C:\Users\lalit\.m2\repository\io\cucumber\cucumber-gherkin\7.2.3\cucumber-gherkin-7.2.3.jar;C:\Users\lalit\.m2\repository\io\cucumber\cucumber-gherkin-messages\7.2.3\cucumber-gherkin-messages-7.2.3.jar;C:\Users\lalit\.m2\repository\io\cucumber\messages\17.1.1\messages-17.1.1.jar;C:\Users\lalit\.m2\repository\io\cucumber\tag-expressions\4.1.0\tag-expressions-4.1.0.jar;C:\Users\lalit\.m2\repository\io\cucumber\cucumber-expressions\15.0.1\cucumber-expressions-15.0.1.jar;C:\Users\lalit\.m2\repository\io\cucumber\datatable\7.2.3\datatable-7.2.3.jar;C:\Users\lalit\.m2\repository\io\cucumber\cucumber-plugin\7.2.3\cucumber-plugin-7.2.3.jar;C:\Users\lalit\.m2\repository\io\cucumber\docstring\7.2.3\docstring-7.2.3.jar;C:\Users\lalit\.m2\repository\io\cucumber\html-formatter\17.0.0\html-formatter-17.0.0.jar;C:\Users\lalit\.m2\repository\io\cucumber\ci-environment\8.1.0\ci-environment-8.1.0.jar;C:\Users\lalit\.m2\repository\io\cucumber\cucumber-java\7.2.3\cucumber-java-7.2.3.jar;C:\Users\lalit\.m2\repository\io\cucumber\cucumber-picocontainer\7.2.3\cucumber-picocontainer-7.2.3.jar;C:\Users\lalit\.m2\repository\org\picocontainer\picocontainer\2.15\picocontainer-2.15.jar;C:\Users\lalit\.m2\repository\net\masterthought\maven-cucumber-reporting\5.6.2\maven-cucumber-reporting-5.6.2.jar;C:\Users\lalit\.m2\repository\org\apache\maven\maven-plugin-api\3.8.3\maven-plugin-api-3.8.3.jar;C:\Users\lalit\.m2\repository\org\apache\maven\maven-model\3.8.3\maven-model-3.8.3.jar;C:\Users\lalit\.m2\repository\org\apache\maven\maven-artifact\3.8.3\maven-artifact-3.8.3.jar;C:\Users\lalit\.m2\repository\org\eclipse\sisu\org.eclipse.sisu.plexus\0.3.5\org.eclipse.sisu.plexus-0.3.5.jar;C:\Users\lalit\.m2\repository\javax\annotation\javax.annotation-api\1.2\javax.annotation-api-1.2.jar;C:\Users\lalit\.m2\repository\org\eclipse\sisu\org.eclipse.sisu.inject\0.3.5\org.eclipse.sisu.inject-0.3.5.jar;C:\Users\lalit\.m2\repository\org\codehaus\plexus\plexus-component-annotations\1.5.5\plexus-component-annotations-1.5.5.jar;C:\Users\lalit\.m2\repository\org\codehaus\plexus\plexus-utils\3.3.0\plexus-utils-3.3.0.jar;C:\Users\lalit\.m2\repository\org\codehaus\plexus\plexus-classworlds\2.6.0\plexus-classworlds-2.6.0.jar;C:\Users\lalit\.m2\repository\net\masterthought\cucumber-reporting\5.6.1\cucumber-reporting-5.6.1.jar;C:\Users\lalit\.m2\repository\com\fasterxml\jackson\core\jackson-databind\2.12.1\jackson-databind-2.12.1.jar;C:\Users\lalit\.m2\repository\com\fasterxml\jackson\core\jackson-annotations\2.12.1\jackson-annotations-2.12.1.jar;C:\Users\lalit\.m2\repository\com\fasterxml\jackson\core\jackson-core\2.12.1\jackson-core-2.12.1.jar;C:\Users\lalit\.m2\repository\com\fasterxml\jackson\datatype\jackson-datatype-jsr310\2.12.1\jackson-datatype-jsr310-2.12.1.jar;C:\Users\lalit\.m2\repository\org\apache\velocity\velocity-engine-core\2.3\velocity-engine-core-2.3.jar;C:\Users\lalit\.m2\repository\commons-collections\commons-collections\3.2.2\commons-collections-3.2.2.jar;C:\Users\lalit\.m2\repository\joda-time\joda-time\2.10.10\joda-time-2.10.10.jar;C:\Users\lalit\.m2\repository\com\googlecode\owasp-java-html-sanitizer\owasp-java-html-sanitizer\20211018.2\owasp-java-html-sanitizer-20211018.2.jar;C:\Users\lalit\.m2\repository\commons-configuration\commons-configuration\1.10\commons-configuration-1.10.jar;C:\Users\lalit\.m2\repository\commons-lang\commons-lang\2.6\commons-lang-2.6.jar;C:\Users\lalit\.m2\repository\org\testcontainers\oracle-xe\1.16.3\oracle-xe-1.16.3.jar;C:\Users\lalit\.m2\repository\org\testcontainers\jdbc\1.16.3\jdbc-1.16.3.jar;C:\Users\lalit\.m2\repository\org\testcontainers\database-commons\1.16.3\database-commons-1.16.3.jar;C:\Users\lalit\.m2\repository\org\testcontainers\testcontainers\1.16.3\testcontainers-1.16.3.jar;C:\Users\lalit\.m2\repository\junit\junit\4.13.2\junit-4.13.2.jar;C:\Users\lalit\.m2\repository\org\hamcrest\hamcrest-core\1.3\hamcrest-core-1.3.jar;C:\Users\lalit\.m2\repository\org\rnorth\duct-tape\duct-tape\1.0.8\duct-tape-1.0.8.jar;C:\Users\lalit\.m2\repository\org\jetbrains\annotations\17.0.0\annotations-17.0.0.jar;C:\Users\lalit\.m2\repository\com\github\docker-java\docker-java-api\3.2.12\docker-java-api-3.2.12.jar;C:\Users\lalit\.m2\repository\com\github\docker-java\docker-java-transport-zerodep\3.2.12\docker-java-transport-zerodep-3.2.12.jar;C:\Users\lalit\.m2\repository\com\github\docker-java\docker-java-transport\3.2.12\docker-java-transport-3.2.12.jar;C:\Users\lalit\.m2\repository\net\java\dev\jna\jna\5.8.0\jna-5.8.0.jar;C:\Users\lalit\.m2\repository\com\oracle\database\jdbc\ojdbc8\19.7.0.0\ojdbc8-19.7.0.0.jar;"/>
    <property name="java.vm.vendor" value="Oracle Corporation"/>
    <property name="sun.arch.data.model" value="64"/>
    <property name="user.variant" value=""/>
    <property name="java.vendor.url" value="https://java.oracle.com/"/>
    <property name="user.timezone" value="Asia/Calcutta"/>
    <property name="os.name" value="Windows 10"/>
    <property name="java.vm.specification.version" value="16"/>
    <property name="sun.java.launcher" value="SUN_STANDARD"/>
    <property name="user.country" value="IN"/>
    <property name="sun.boot.library.path" value="D:\Lalitha\EXE Files\eclipse-java-2021-09-R-win32-x86_64\eclipse\plugins\org.eclipse.justj.openjdk.hotspot.jre.full.win32.x86_64_16.0.2.v20210721-1149\jre\bin"/>
    <property name="sun.java.command" value="C:\Users\lalit\AppData\Local\Temp\surefire8966273389861205777\surefirebooter15356318363087112353.jar C:\Users\lalit\AppData\Local\Temp\surefire8966273389861205777 2022-03-05T20-06-34_976-jvmRun1 surefire2409035061801019907tmp surefire_014866716890360140937tmp"/>
    <property name="jdk.debug" value="release"/>
    <property name="surefire.test.class.path" value="C:\Users\lalit\eclipse-workspace\UIAPIFramework_BDD\target\test-classes;C:\Users\lalit\eclipse-workspace\UIAPIFramework_BDD\target\classes;C:\Users\lalit\.m2\repository\org\apache\logging\log4j\log4j-api\2.17.1\log4j-api-2.17.1.jar;C:\Users\lalit\.m2\repository\org\apache\logging\log4j\log4j-core\2.17.1\log4j-core-2.17.1.jar;C:\Users\lalit\.m2\repository\org\seleniumhq\selenium\selenium-java\3.141.0\selenium-java-3.141.0.jar;C:\Users\lalit\.m2\repository\org\seleniumhq\selenium\selenium-api\3.141.0\selenium-api-3.141.0.jar;C:\Users\lalit\.m2\repository\org\seleniumhq\selenium\selenium-chrome-driver\3.141.0\selenium-chrome-driver-3.141.0.jar;C:\Users\lalit\.m2\repository\org\seleniumhq\selenium\selenium-edge-driver\3.141.0\selenium-edge-driver-3.141.0.jar;C:\Users\lalit\.m2\repository\org\seleniumhq\selenium\selenium-firefox-driver\3.141.0\selenium-firefox-driver-3.141.0.jar;C:\Users\lalit\.m2\repository\org\seleniumhq\selenium\selenium-ie-driver\3.141.0\selenium-ie-driver-3.141.0.jar;C:\Users\lalit\.m2\repository\org\seleniumhq\selenium\selenium-opera-driver\3.141.0\selenium-opera-driver-3.141.0.jar;C:\Users\lalit\.m2\repository\org\seleniumhq\selenium\selenium-remote-driver\3.141.0\selenium-remote-driver-3.141.0.jar;C:\Users\lalit\.m2\repository\org\seleniumhq\selenium\selenium-safari-driver\3.141.0\selenium-safari-driver-3.141.0.jar;C:\Users\lalit\.m2\repository\org\seleniumhq\selenium\selenium-support\3.141.0\selenium-support-3.141.0.jar;C:\Users\lalit\.m2\repository\net\bytebuddy\byte-buddy\1.8.15\byte-buddy-1.8.15.jar;C:\Users\lalit\.m2\repository\org\apache\commons\commons-exec\1.3\commons-exec-1.3.jar;C:\Users\lalit\.m2\repository\com\google\guava\guava\25.0-jre\guava-25.0-jre.jar;C:\Users\lalit\.m2\repository\org\checkerframework\checker-compat-qual\2.0.0\checker-compat-qual-2.0.0.jar;C:\Users\lalit\.m2\repository\com\google\errorprone\error_prone_annotations\2.1.3\error_prone_annotations-2.1.3.jar;C:\Users\lalit\.m2\repository\com\google\j2objc\j2objc-annotations\1.1\j2objc-annotations-1.1.jar;C:\Users\lalit\.m2\repository\org\codehaus\mojo\animal-sniffer-annotations\1.14\animal-sniffer-annotations-1.14.jar;C:\Users\lalit\.m2\repository\com\squareup\okhttp3\okhttp\3.11.0\okhttp-3.11.0.jar;C:\Users\lalit\.m2\repository\com\squareup\okio\okio\1.14.0\okio-1.14.0.jar;C:\Users\lalit\.m2\repository\org\testng\testng\7.5\testng-7.5.jar;C:\Users\lalit\.m2\repository\com\google\code\findbugs\jsr305\3.0.1\jsr305-3.0.1.jar;C:\Users\lalit\.m2\repository\org\slf4j\slf4j-api\1.7.32\slf4j-api-1.7.32.jar;C:\Users\lalit\.m2\repository\com\beust\jcommander\1.78\jcommander-1.78.jar;C:\Users\lalit\.m2\repository\org\webjars\jquery\3.5.1\jquery-3.5.1.jar;C:\Users\lalit\.m2\repository\commons-io\commons-io\2.11.0\commons-io-2.11.0.jar;C:\Users\lalit\.m2\repository\tech\grasshopper\extentreports-cucumber7-adapter\1.1.0\extentreports-cucumber7-adapter-1.1.0.jar;C:\Users\lalit\.m2\repository\tech\grasshopper\extent-pdf-report\1.7.4\extent-pdf-report-1.7.4.jar;C:\Users\lalit\.m2\repository\tech\grasshopper\cucumber-pdf-report\2.2.4\cucumber-pdf-report-2.2.4.jar;C:\Users\lalit\.m2\repository\org\apache\pdfbox\pdfbox\2.0.22\pdfbox-2.0.22.jar;C:\Users\lalit\.m2\repository\org\apache\pdfbox\fontbox\2.0.22\fontbox-2.0.22.jar;C:\Users\lalit\.m2\repository\org\knowm\xchart\xchart\3.8.0\xchart-3.8.0.jar;C:\Users\lalit\.m2\repository\de\erichseifert\vectorgraphics2d\VectorGraphics2D\0.13\VectorGraphics2D-0.13.jar;C:\Users\lalit\.m2\repository\de\rototor\pdfbox\graphics2d\0.30\graphics2d-0.30.jar;C:\Users\lalit\.m2\repository\com\madgag\animated-gif-lib\1.4\animated-gif-lib-1.4.jar;C:\Users\lalit\.m2\repository\org\yaml\snakeyaml\1.28\snakeyaml-1.28.jar;C:\Users\lalit\.m2\repository\tech\grasshopper\table-layout\1.2.0\table-layout-1.2.0.jar;C:\Users\lalit\.m2\repository\org\jsoup\jsoup\1.13.1\jsoup-1.13.1.jar;C:\Users\lalit\.m2\repository\com\aventstack\klov-reporter\5.0.8\klov-reporter-5.0.8.jar;C:\Users\lalit\.m2\repository\org\mongodb\mongodb-driver\3.6.4\mongodb-driver-3.6.4.jar;C:\Users\lalit\.m2\repository\org\mongodb\mongodb-driver-core\3.6.4\mongodb-driver-core-3.6.4.jar;C:\Users\lalit\.m2\repository\org\mongodb\bson\3.6.4\bson-3.6.4.jar;C:\Users\lalit\.m2\repository\com\aventstack\extentreports\5.0.9\extentreports-5.0.9.jar;C:\Users\lalit\.m2\repository\io\reactivex\rxjava3\rxjava\3.0.4\rxjava-3.0.4.jar;C:\Users\lalit\.m2\repository\org\reactivestreams\reactive-streams\1.0.3\reactive-streams-1.0.3.jar;C:\Users\lalit\.m2\repository\org\freemarker\freemarker\2.3.30\freemarker-2.3.30.jar;C:\Users\lalit\.m2\repository\org\projectlombok\lombok\1.18.12\lombok-1.18.12.jar;C:\Users\lalit\.m2\repository\com\google\code\gson\gson\2.8.6\gson-2.8.6.jar;C:\Users\lalit\.m2\repository\org\apache\poi\poi\5.2.0\poi-5.2.0.jar;C:\Users\lalit\.m2\repository\commons-codec\commons-codec\1.15\commons-codec-1.15.jar;C:\Users\lalit\.m2\repository\org\apache\commons\commons-collections4\4.4\commons-collections4-4.4.jar;C:\Users\lalit\.m2\repository\org\apache\commons\commons-math3\3.6.1\commons-math3-3.6.1.jar;C:\Users\lalit\.m2\repository\com\zaxxer\SparseBitSet\1.2\SparseBitSet-1.2.jar;C:\Users\lalit\.m2\repository\org\apache\poi\poi-ooxml\5.2.0\poi-ooxml-5.2.0.jar;C:\Users\lalit\.m2\repository\org\apache\poi\poi-ooxml-lite\5.2.0\poi-ooxml-lite-5.2.0.jar;C:\Users\lalit\.m2\repository\org\apache\xmlbeans\xmlbeans\5.0.3\xmlbeans-5.0.3.jar;C:\Users\lalit\.m2\repository\org\apache\commons\commons-compress\1.21\commons-compress-1.21.jar;C:\Users\lalit\.m2\repository\com\github\virtuald\curvesapi\1.06\curvesapi-1.06.jar;C:\Users\lalit\.m2\repository\io\rest-assured\rest-assured\4.5.1\rest-assured-4.5.1.jar;C:\Users\lalit\.m2\repository\org\codehaus\groovy\groovy\3.0.9\groovy-3.0.9.jar;C:\Users\lalit\.m2\repository\org\codehaus\groovy\groovy-xml\3.0.9\groovy-xml-3.0.9.jar;C:\Users\lalit\.m2\repository\org\apache\httpcomponents\httpclient\4.5.13\httpclient-4.5.13.jar;C:\Users\lalit\.m2\repository\org\apache\httpcomponents\httpcore\4.4.13\httpcore-4.4.13.jar;C:\Users\lalit\.m2\repository\commons-logging\commons-logging\1.2\commons-logging-1.2.jar;C:\Users\lalit\.m2\repository\org\apache\httpcomponents\httpmime\4.5.13\httpmime-4.5.13.jar;C:\Users\lalit\.m2\repository\org\hamcrest\hamcrest\2.1\hamcrest-2.1.jar;C:\Users\lalit\.m2\repository\org\ccil\cowan\tagsoup\tagsoup\1.2.1\tagsoup-1.2.1.jar;C:\Users\lalit\.m2\repository\io\rest-assured\json-path\4.5.1\json-path-4.5.1.jar;C:\Users\lalit\.m2\repository\org\codehaus\groovy\groovy-json\3.0.9\groovy-json-3.0.9.jar;C:\Users\lalit\.m2\repository\io\rest-assured\rest-assured-common\4.5.1\rest-assured-common-4.5.1.jar;C:\Users\lalit\.m2\repository\io\rest-assured\xml-path\4.5.1\xml-path-4.5.1.jar;C:\Users\lalit\.m2\repository\org\apache\commons\commons-lang3\3.11\commons-lang3-3.11.jar;C:\Users\lalit\.m2\repository\io\cucumber\cucumber-testng\7.2.3\cucumber-testng-7.2.3.jar;C:\Users\lalit\.m2\repository\org\apiguardian\apiguardian-api\1.1.2\apiguardian-api-1.1.2.jar;C:\Users\lalit\.m2\repository\io\cucumber\cucumber-core\7.2.3\cucumber-core-7.2.3.jar;C:\Users\lalit\.m2\repository\io\cucumber\cucumber-gherkin\7.2.3\cucumber-gherkin-7.2.3.jar;C:\Users\lalit\.m2\repository\io\cucumber\cucumber-gherkin-messages\7.2.3\cucumber-gherkin-messages-7.2.3.jar;C:\Users\lalit\.m2\repository\io\cucumber\messages\17.1.1\messages-17.1.1.jar;C:\Users\lalit\.m2\repository\io\cucumber\tag-expressions\4.1.0\tag-expressions-4.1.0.jar;C:\Users\lalit\.m2\repository\io\cucumber\cucumber-expressions\15.0.1\cucumber-expressions-15.0.1.jar;C:\Users\lalit\.m2\repository\io\cucumber\datatable\7.2.3\datatable-7.2.3.jar;C:\Users\lalit\.m2\repository\io\cucumber\cucumber-plugin\7.2.3\cucumber-plugin-7.2.3.jar;C:\Users\lalit\.m2\repository\io\cucumber\docstring\7.2.3\docstring-7.2.3.jar;C:\Users\lalit\.m2\repository\io\cucumber\html-formatter\17.0.0\html-formatter-17.0.0.jar;C:\Users\lalit\.m2\repository\io\cucumber\ci-environment\8.1.0\ci-environment-8.1.0.jar;C:\Users\lalit\.m2\repository\io\cucumber\cucumber-java\7.2.3\cucumber-java-7.2.3.jar;C:\Users\lalit\.m2\repository\io\cucumber\cucumber-picocontainer\7.2.3\cucumber-picocontainer-7.2.3.jar;C:\Users\lalit\.m2\repository\org\picocontainer\picocontainer\2.15\picocontainer-2.15.jar;C:\Users\lalit\.m2\repository\net\masterthought\maven-cucumber-reporting\5.6.2\maven-cucumber-reporting-5.6.2.jar;C:\Users\lalit\.m2\repository\org\apache\maven\maven-plugin-api\3.8.3\maven-plugin-api-3.8.3.jar;C:\Users\lalit\.m2\repository\org\apache\maven\maven-model\3.8.3\maven-model-3.8.3.jar;C:\Users\lalit\.m2\repository\org\apache\maven\maven-artifact\3.8.3\maven-artifact-3.8.3.jar;C:\Users\lalit\.m2\repository\org\eclipse\sisu\org.eclipse.sisu.plexus\0.3.5\org.eclipse.sisu.plexus-0.3.5.jar;C:\Users\lalit\.m2\repository\javax\annotation\javax.annotation-api\1.2\javax.annotation-api-1.2.jar;C:\Users\lalit\.m2\repository\org\eclipse\sisu\org.eclipse.sisu.inject\0.3.5\org.eclipse.sisu.inject-0.3.5.jar;C:\Users\lalit\.m2\repository\org\codehaus\plexus\plexus-component-annotations\1.5.5\plexus-component-annotations-1.5.5.jar;C:\Users\lalit\.m2\repository\org\codehaus\plexus\plexus-utils\3.3.0\plexus-utils-3.3.0.jar;C:\Users\lalit\.m2\repository\org\codehaus\plexus\plexus-classworlds\2.6.0\plexus-classworlds-2.6.0.jar;C:\Users\lalit\.m2\repository\net\masterthought\cucumber-reporting\5.6.1\cucumber-reporting-5.6.1.jar;C:\Users\lalit\.m2\repository\com\fasterxml\jackson\core\jackson-databind\2.12.1\jackson-databind-2.12.1.jar;C:\Users\lalit\.m2\repository\com\fasterxml\jackson\core\jackson-annotations\2.12.1\jackson-annotations-2.12.1.jar;C:\Users\lalit\.m2\repository\com\fasterxml\jackson\core\jackson-core\2.12.1\jackson-core-2.12.1.jar;C:\Users\lalit\.m2\repository\com\fasterxml\jackson\datatype\jackson-datatype-jsr310\2.12.1\jackson-datatype-jsr310-2.12.1.jar;C:\Users\lalit\.m2\repository\org\apache\velocity\velocity-engine-core\2.3\velocity-engine-core-2.3.jar;C:\Users\lalit\.m2\repository\commons-collections\commons-collections\3.2.2\commons-collections-3.2.2.jar;C:\Users\lalit\.m2\repository\joda-time\joda-time\2.10.10\joda-time-2.10.10.jar;C:\Users\lalit\.m2\repository\com\googlecode\owasp-java-html-sanitizer\owasp-java-html-sanitizer\20211018.2\owasp-java-html-sanitizer-20211018.2.jar;C:\Users\lalit\.m2\repository\commons-configuration\commons-configuration\1.10\commons-configuration-1.10.jar;C:\Users\lalit\.m2\repository\commons-lang\commons-lang\2.6\commons-lang-2.6.jar;C:\Users\lalit\.m2\repository\org\testcontainers\oracle-xe\1.16.3\oracle-xe-1.16.3.jar;C:\Users\lalit\.m2\repository\org\testcontainers\jdbc\1.16.3\jdbc-1.16.3.jar;C:\Users\lalit\.m2\repository\org\testcontainers\database-commons\1.16.3\database-commons-1.16.3.jar;C:\Users\lalit\.m2\repository\org\testcontainers\testcontainers\1.16.3\testcontainers-1.16.3.jar;C:\Users\lalit\.m2\repository\junit\junit\4.13.2\junit-4.13.2.jar;C:\Users\lalit\.m2\repository\org\hamcrest\hamcrest-core\1.3\hamcrest-core-1.3.jar;C:\Users\lalit\.m2\repository\org\rnorth\duct-tape\duct-tape\1.0.8\duct-tape-1.0.8.jar;C:\Users\lalit\.m2\repository\org\jetbrains\annotations\17.0.0\annotations-17.0.0.jar;C:\Users\lalit\.m2\repository\com\github\docker-java\docker-java-api\3.2.12\docker-java-api-3.2.12.jar;C:\Users\lalit\.m2\repository\com\github\docker-java\docker-java-transport-zerodep\3.2.12\docker-java-transport-zerodep-3.2.12.jar;C:\Users\lalit\.m2\repository\com\github\docker-java\docker-java-transport\3.2.12\docker-java-transport-3.2.12.jar;C:\Users\lalit\.m2\repository\net\java\dev\jna\jna\5.8.0\jna-5.8.0.jar;C:\Users\lalit\.m2\repository\com\oracle\database\jdbc\ojdbc8\19.7.0.0\ojdbc8-19.7.0.0.jar;"/>
    <property name="sun.cpu.endian" value="little"/>
    <property name="user.home" value="C:\Users\lalit"/>
    <property name="user.language" value="en"/>
    <property name="java.specification.vendor" value="Oracle Corporation"/>
    <property name="java.version.date" value="2021-07-20"/>
    <property name="java.home" value="D:\Lalitha\EXE Files\eclipse-java-2021-09-R-win32-x86_64\eclipse\plugins\org.eclipse.justj.openjdk.hotspot.jre.full.win32.x86_64_16.0.2.v20210721-1149\jre"/>
    <property name="file.separator" value="\"/>
    <property name="basedir" value="C:\Users\lalit\eclipse-workspace\UIAPIFramework_BDD"/>
    <property name="java.vm.compressedOopsMode" value="32-bit"/>
    <property name="line.separator" value="&#10;"/>
    <property name="java.vm.specification.vendor" value="Oracle Corporation"/>
    <property name="java.specification.name" value="Java Platform API Specification"/>
    <property name="surefire.real.class.path" value="C:\Users\lalit\AppData\Local\Temp\surefire8966273389861205777\surefirebooter15356318363087112353.jar"/>
    <property name="user.script" value=""/>
    <property name="sun.management.compiler" value="HotSpot 64-Bit Tiered Compilers"/>
    <property name="java.runtime.version" value="16.0.2+7-67"/>
    <property name="user.name" value="lalit"/>
    <property name="path.separator" value=";"/>
    <property name="os.version" value="10.0"/>
    <property name="java.runtime.name" value="OpenJDK Runtime Environment"/>
    <property name="file.encoding" value="Cp1252"/>
    <property name="java.vm.name" value="OpenJDK 64-Bit Server VM"/>
    <property name="localRepository" value="C:\Users\lalit\.m2\repository"/>
    <property name="java.vendor.url.bug" value="https://bugreport.java.com/bugreport/"/>
    <property name="java.io.tmpdir" value="C:\Users\lalit\AppData\Local\Temp\"/>
    <property name="java.version" value="16.0.2"/>
    <property name="user.dir" value="C:\Users\lalit\eclipse-workspace\UIAPIFramework_BDD"/>
    <property name="os.arch" value="amd64"/>
    <property name="java.vm.specification.name" value="Java Virtual Machine Specification"/>
    <property name="sun.os.patch.level" value=""/>
    <property name="java.library.path" value="D:\Lalitha\EXE Files\eclipse-java-2021-09-R-win32-x86_64\eclipse\plugins\org.eclipse.justj.openjdk.hotspot.jre.full.win32.x86_64_16.0.2.v20210721-1149\jre\bin;C:\WINDOWS\Sun\Java\bin;C:\WINDOWS\system32;C:\WINDOWS;D:/Lalitha/EXE Files/eclipse-java-2021-09-R-win32-x86_64/eclipse//plugins/org.eclipse.justj.openjdk.hotspot.jre.full.win32.x86_64_16.0.2.v20210721-1149/jre/bin/server;D:/Lalitha/EXE Files/eclipse-java-2021-09-R-win32-x86_64/eclipse//plugins/org.eclipse.justj.openjdk.hotspot.jre.full.win32.x86_64_16.0.2.v20210721-1149/jre/bin;C:\Program Files (x86)\Common Files\Oracle\Java\javapath;C:\app\lalit\product\21c\dbhomeXE\bin;C:\Windows\system32;C:\Windows;C:\Windows\System32\Wbem;C:\Windows\System32\WindowsPowerShell\v1.0\;C:\Windows\System32\OpenSSH\;C:\Program Files (x86)\NVIDIA Corporation\PhysX\Common;C:\Program Files\NVIDIA Corporation\NVIDIA NvDLISR;C:\Program Files\Git\cmd;C:\WINDOWS\system32;C:\WINDOWS;C:\WINDOWS\System32\Wbem;C:\WINDOWS\System32\WindowsPowerShell\v1.0\;C:\WINDOWS\System32\OpenSSH\;D:\Lalitha\EXE Files\apache-maven-3.8.4-bin\apache-maven-3.8.4\bin;C:\Users\lalit\AppData\Local\Microsoft\WindowsApps;;D:\Lalitha\EXE Files\eclipse-java-2021-09-R-win32-x86_64\eclipse;;."/>
    <property name="java.vm.info" value="mixed mode"/>
    <property name="java.vendor" value="Oracle Corporation"/>
    <property name="java.vm.version" value="16.0.2+7-67"/>
    <property name="sun.io.unicode.encoding" value="UnicodeLittle"/>
    <property name="java.class.version" value="60.0"/>
  </properties>
  <testcase name="feature[&quot;TC00001_verify User is able to login to Address book with valid Login details&quot;, &quot;Optional[Address book Login Feature]&quot;](1)" classname="runners.TestRunner" time="7.737">
    <system-out><![CDATA[
@smokeTests
Scenario Outline: TC00001_verify User is able to login to Address book with valid Login details &amp#27;[90m# src/test/resources/features/login.feature:14&amp#27;[0m
BeforTest
chrome
started browser here
I am here 1
  &amp#27;[32mGiven &amp#27;[0m&amp#27;[32mUser is on signIn Page&amp#27;[0m                                                                  &amp#27;[90m# stepDefinitions.LoginPage.user_aready_on_login_page()&amp#27;[0m
  &amp#27;[32mWhen &amp#27;[0m&amp#27;[32mTitle of SignIn Page is AddressBook SignIn&amp#27;[0m                                               &amp#27;[90m# stepDefinitions.LoginPage.validate_SignInPage_Title()&amp#27;[0m
  &amp#27;[32mThen &amp#27;[0m&amp#27;[32mUser enters &amp#27;[0m&amp#27;[32m&amp#27;[1mlalithapadala3@gmail.com&amp#27;[0m&amp#27;[32m and &amp#27;[0m&amp#27;[32m&amp#27;[1mtest@123&amp#27;[0m                                        &amp#27;[90m# stepDefinitions.LoginPage.enterUserNameAndPassword(java.lang.String,java.lang.String)&amp#27;[0m
  &amp#27;[32mAnd &amp#27;[0m&amp#27;[32mUser clicks on SignIn button&amp#27;[0m                                                              &amp#27;[90m# stepDefinitions.LoginPage.click_SignIn_button()&amp#27;[0m
lalitha
Employee name is lalitha
  &amp#27;[32mThen &amp#27;[0m&amp#27;[32mUser is on home Page&amp#27;[0m                                                                     &amp#27;[90m# stepDefinitions.LoginPage.validateHomePage()&amp#27;[0m
I am here 2
]]></system-out>
    <system-err><![CDATA[SLF4J: Failed to load class "org.slf4j.impl.StaticLoggerBinder".
SLF4J: Defaulting to no-operation (NOP) logger implementation
SLF4J: See http://www.slf4j.org/codes.html#StaticLoggerBinder for further details.
Starting ChromeDriver 97.0.4692.71 (adefa7837d02a07a604c1e6eff0b3a09422ab88d-refs/branch-heads/4692@{#1247}) on port 30127
Only local connections are allowed.
Please see https://chromedriver.chromium.org/security-considerations for suggestions on keeping ChromeDriver safe.
ChromeDriver was started successfully.
[1646490998.336][WARNING]: This version of ChromeDriver has not been tested with Chrome version 98.
Mar 05, 2022 8:06:38 PM org.openqa.selenium.remote.ProtocolHandshake createSession
INFO: Detected dialect: W3C
]]></system-err>
  </testcase>
  <testcase name="feature[&quot;TC00002_verify User is able to login to Address book with valid Login details&quot;, &quot;Optional[Address book Login Feature]&quot;](2)" classname="runners.TestRunner" time="5.948">
    <system-out><![CDATA[
@RegressionTests
Scenario Outline: TC00002_verify User is able to login to Address book with valid Login details &amp#27;[90m# src/test/resources/features/login.feature:27&amp#27;[0m
BeforTest
chrome
started browser here
I am here 1
  &amp#27;[32mGiven &amp#27;[0m&amp#27;[32mUser is on signIn Page&amp#27;[0m                                                                  &amp#27;[90m# stepDefinitions.LoginPage.user_aready_on_login_page()&amp#27;[0m
  &amp#27;[32mWhen &amp#27;[0m&amp#27;[32mTitle of SignIn Page is AddressBook SignIn&amp#27;[0m                                               &amp#27;[90m# stepDefinitions.LoginPage.validate_SignInPage_Title()&amp#27;[0m
  &amp#27;[32mThen &amp#27;[0m&amp#27;[32mUser enters &amp#27;[0m&amp#27;[32m&amp#27;[1mlalithapadala3@gmail.com&amp#27;[0m&amp#27;[32m and &amp#27;[0m&amp#27;[32m&amp#27;[1mtest@123&amp#27;[0m                                        &amp#27;[90m# stepDefinitions.LoginPage.enterUserNameAndPassword(java.lang.String,java.lang.String)&amp#27;[0m
  &amp#27;[32mAnd &amp#27;[0m&amp#27;[32mUser clicks on SignIn button&amp#27;[0m                                                              &amp#27;[90m# stepDefinitions.LoginPage.click_SignIn_button()&amp#27;[0m
lalitha
Employee name is lalitha
  &amp#27;[32mThen &amp#27;[0m&amp#27;[32mUser is on home Page&amp#27;[0m                                                                     &amp#27;[90m# stepDefinitions.LoginPage.validateHomePage()&amp#27;[0m
I am here 2
]]></system-out>
    <system-err><![CDATA[Starting ChromeDriver 97.0.4692.71 (adefa7837d02a07a604c1e6eff0b3a09422ab88d-refs/branch-heads/4692@{#1247}) on port 43112
Only local connections are allowed.
Please see https://chromedriver.chromium.org/security-considerations for suggestions on keeping ChromeDriver safe.
ChromeDriver was started successfully.
[1646491005.459][WARNING]: This version of ChromeDriver has not been tested with Chrome version 98.
Mar 05, 2022 8:06:45 PM org.openqa.selenium.remote.ProtocolHandshake createSession
INFO: Detected dialect: W3C
]]></system-err>
  </testcase>
  <testcase name="feature[&quot;TC00003_verify User is able to login to Address book with valid Login details&quot;, &quot;Optional[Address book Login Feature 2]&quot;](3)" classname="runners.TestRunner" time="6.162">
    <system-out><![CDATA[
@smokeTests
Scenario Outline: TC00003_verify User is able to login to Address book with valid Login details &amp#27;[90m# src/test/resources/features/login2.feature:14&amp#27;[0m
BeforTest
chrome
started browser here
I am here 1
  &amp#27;[32mGiven &amp#27;[0m&amp#27;[32mUser is on signIn Page&amp#27;[0m                                                                  &amp#27;[90m# stepDefinitions.LoginPage.user_aready_on_login_page()&amp#27;[0m
  &amp#27;[32mWhen &amp#27;[0m&amp#27;[32mTitle of SignIn Page is AddressBook SignIn&amp#27;[0m                                               &amp#27;[90m# stepDefinitions.LoginPage.validate_SignInPage_Title()&amp#27;[0m
  &amp#27;[32mThen &amp#27;[0m&amp#27;[32mUser enters &amp#27;[0m&amp#27;[32m&amp#27;[1mlalithapadala3@gmail.com&amp#27;[0m&amp#27;[32m and &amp#27;[0m&amp#27;[32m&amp#27;[1mtest@123&amp#27;[0m                                        &amp#27;[90m# stepDefinitions.LoginPage.enterUserNameAndPassword(java.lang.String,java.lang.String)&amp#27;[0m
  &amp#27;[32mAnd &amp#27;[0m&amp#27;[32mUser clicks on SignIn button&amp#27;[0m                                                              &amp#27;[90m# stepDefinitions.LoginPage.click_SignIn_button()&amp#27;[0m
lalitha
Employee name is lalitha
  &amp#27;[32mThen &amp#27;[0m&amp#27;[32mUser is on home Page&amp#27;[0m                                                                     &amp#27;[90m# stepDefinitions.LoginPage.validateHomePage()&amp#27;[0m
I am here 2
]]></system-out>
    <system-err><![CDATA[Starting ChromeDriver 97.0.4692.71 (adefa7837d02a07a604c1e6eff0b3a09422ab88d-refs/branch-heads/4692@{#1247}) on port 32271
Only local connections are allowed.
Please see https://chromedriver.chromium.org/security-considerations for suggestions on keeping ChromeDriver safe.
ChromeDriver was started successfully.
[1646491011.359][WARNING]: This version of ChromeDriver has not been tested with Chrome version 98.
Mar 05, 2022 8:06:51 PM org.openqa.selenium.remote.ProtocolHandshake createSession
INFO: Detected dialect: W3C
]]></system-err>
  </testcase>
  <testcase name="feature[&quot;TC00004_verify User is able to login to Address book with valid Login details&quot;, &quot;Optional[Address book Login Feature 2]&quot;](4)" classname="runners.TestRunner" time="6.029">
    <system-out><![CDATA[
@LoginTests
Scenario Outline: TC00004_verify User is able to login to Address book with valid Login details &amp#27;[90m# src/test/resources/features/login2.feature:27&amp#27;[0m
BeforTest
chrome
started browser here
I am before login test 1
  &amp#27;[32mGiven &amp#27;[0m&amp#27;[32mUser is on signIn Page&amp#27;[0m                                                                  &amp#27;[90m# stepDefinitions.LoginPage.user_aready_on_login_page()&amp#27;[0m
  &amp#27;[32mWhen &amp#27;[0m&amp#27;[32mTitle of SignIn Page is AddressBook SignIn&amp#27;[0m                                               &amp#27;[90m# stepDefinitions.LoginPage.validate_SignInPage_Title()&amp#27;[0m
  &amp#27;[32mThen &amp#27;[0m&amp#27;[32mUser enters &amp#27;[0m&amp#27;[32m&amp#27;[1mlalithapadala3@gmail.com&amp#27;[0m&amp#27;[32m and &amp#27;[0m&amp#27;[32m&amp#27;[1mtest@123&amp#27;[0m                                        &amp#27;[90m# stepDefinitions.LoginPage.enterUserNameAndPassword(java.lang.String,java.lang.String)&amp#27;[0m
  &amp#27;[32mAnd &amp#27;[0m&amp#27;[32mUser clicks on SignIn button&amp#27;[0m                                                              &amp#27;[90m# stepDefinitions.LoginPage.click_SignIn_button()&amp#27;[0m
lalitha
Employee name is lalitha
  &amp#27;[32mThen &amp#27;[0m&amp#27;[32mUser is on home Page&amp#27;[0m                                                                     &amp#27;[90m# stepDefinitions.LoginPage.validateHomePage()&amp#27;[0m
I am after login test 2
]]></system-out>
    <system-err><![CDATA[Starting ChromeDriver 97.0.4692.71 (adefa7837d02a07a604c1e6eff0b3a09422ab88d-refs/branch-heads/4692@{#1247}) on port 27322
Only local connections are allowed.
Please see https://chromedriver.chromium.org/security-considerations for suggestions on keeping ChromeDriver safe.
ChromeDriver was started successfully.
[1646491017.571][WARNING]: This version of ChromeDriver has not been tested with Chrome version 98.
Mar 05, 2022 8:06:57 PM org.openqa.selenium.remote.ProtocolHandshake createSession
INFO: Detected dialect: W3C
]]></system-err>
  </testcase>
</testsuite>