<?xml version="1.0" encoding="UTF-8"?>
<!-- Generated by org.testng.reporters.JUnitReportReporter -->
<testsuite hostname="MSI" failures="0" tests="4" name="runners.TestRunner" time="25.876" errors="0" timestamp="2022-03-05T20:07:03 IST" skipped="0">
  <testcase classname="runners.TestRunner" name="feature" time="6.161"/>
  <system-out/>
  <testcase classname="runners.TestRunner" name="feature" time="6.025"/>
  <system-out/>
  <testcase classname="runners.TestRunner" name="feature" time="7.724"/>
  <system-out/>
  <testcase classname="runners.TestRunner" name="feature" time="5.966"/>
  <system-out/>
</testsuite> <!-- runners.TestRunner -->
